{"name": "test_add_contacts", "status": "broken", "statusDetails": {"message": "selenium.common.exceptions.NoSuchElementException: Message: Could not locate element with visible text: Mr", "trace": "self = <tests.test_add_contacts.TestAddContacts testMethod=test_add_contacts>\n\n    def test_add_contacts(self):\n        print(\"\\n\" + str(cases(0)))\n        page = LoginPage(self.driver)\n        page1 = WelcomePage(self.driver)\n        page2 = AddContactsPage(self.driver)\n        time.sleep(3)\n        page.login()\n    \n        time.sleep(2)\n        page1.click_companies_contacts_tab()\n    \n        time.sleep(2)\n>       page2.fill_up_add_contacts()\n\ntests/test_add_contacts.py:27: \n_ _ _ _ _ _ _ _ _ _ _ _ _ _ _ _ _ _ _ _ _ _ _ _ _ _ _ _ _ _ _ _ _ _ _ _ _ _ _ _ _ _ _ _ _ _ _ _ _ _ _ _ _ _ _ _ _ _ _ _ _ _ _ _ _ _ _ _ _ _ _ _ _ _ _ _ _ _ _ _ _ _ _ _ _\npages/cantact_details_page.py:98: in fill_up_add_contacts\n    self.select_situation(situation)\npages/cantact_details_page.py:28: in select_situation\n    select.select_by_visible_text(situation)\n_ _ _ _ _ _ _ _ _ _ _ _ _ _ _ _ _ _ _ _ _ _ _ _ _ _ _ _ _ _ _ _ _ _ _ _ _ _ _ _ _ _ _ _ _ _ _ _ _ _ _ _ _ _ _ _ _ _ _ _ _ _ _ _ _ _ _ _ _ _ _ _ _ _ _ _ _ _ _ _ _ _ _ _ _\n\nself = <selenium.webdriver.support.select.Select object at 0x7f53de3d4850>, text = 'Mr'\n\n    def select_by_visible_text(self, text):\n        \"\"\"Select all options that display text matching the argument. That is, when given \"Bar\" this\n           would select an option like:\n    \n            <option value=\"foo\">Bar</option>\n    \n           :Args:\n            - text - The visible text to match against\n    \n            throws NoSuchElementException If there is no option with specisied text in SELECT\n           \"\"\"\n        xpath = \".//option[normalize-space(.) = %s]\" % self._escapeString(text)\n        opts = self._el.find_elements(By.XPATH, xpath)\n        matched = False\n        for opt in opts:\n            self._setSelected(opt)\n            if not self.is_multiple:\n                return\n            matched = True\n    \n        if len(opts) == 0 and \" \" in text:\n            subStringWithoutSpace = self._get_longest_token(text)\n            if subStringWithoutSpace == \"\":\n                candidates = self.options\n            else:\n                xpath = \".//option[contains(.,%s)]\" % self._escapeString(subStringWithoutSpace)\n                candidates = self._el.find_elements(By.XPATH, xpath)\n            for candidate in candidates:\n                if text == candidate.text:\n                    self._setSelected(candidate)\n                    if not self.is_multiple:\n                        return\n                    matched = True\n    \n        if not matched:\n>           raise NoSuchElementException(\"Could not locate element with visible text: %s\" % text)\nE           selenium.common.exceptions.NoSuchElementException: Message: Could not locate element with visible text: Mr\n\n../../.local/lib/python3.8/site-packages/selenium/webdriver/support/select.py:140: NoSuchElementException"}, "attachments": [{"name": "stdout", "source": "113415c7-f8fa-4050-a0b0-e8eb5fa94cda-attachment.txt", "type": "text/plain"}], "start": 1617149420937, "stop": 1617149469012, "uuid": "a88c47cd-17b9-4576-a6eb-13e508edf85a", "historyId": "492cd0839283b3b5884165ca56040332", "testCaseId": "cca84a72015f46617041d4ac3c4e61e8", "fullName": "tests.test_add_contacts.TestAddContacts#test_add_contacts", "labels": [{"name": "parentSuite", "value": "tests"}, {"name": "suite", "value": "test_add_contacts"}, {"name": "subSuite", "value": "TestAddContacts"}, {"name": "host", "value": "riaz-PC"}, {"name": "thread", "value": "50629-MainThread"}, {"name": "framework", "value": "pytest"}, {"name": "language", "value": "cpython3"}, {"name": "package", "value": "tests.test_add_contacts"}]}